<?xml version="1.0" encoding="UTF-8"?>
<!-- Generated by org.testng.reporters.JUnitReportReporter -->
<testsuite skipped="0" hostname="LAPTOP-A044GIHC" name="PayPalSignup.SignupWithSeMethods" tests="1" failures="0" timestamp="27 May 2018 12:46:41 GMT" time="4.505" errors="0">
  <testcase name="SignupPayPal" time="4.505" classname="PayPalSignup.SignupWithSeMethods"/>
</testsuite> <!-- PayPalSignup.SignupWithSeMethods -->
