<?xml version="1.0" encoding="UTF-8"?>
<!-- Generated by org.testng.reporters.JUnitReportReporter -->
<testsuite skipped="0" hostname="LAPTOP-A044GIHC" name="testcases.TC001_Signup" tests="1" failures="0" timestamp="27 May 2018 13:24:39 GMT" time="5.933" errors="0">
  <testcase name="loginAndLogout" time="5.933" classname="testcases.TC001_Signup"/>
</testsuite> <!-- testcases.TC001_Signup -->
